


12-Jul-19 18:02:38 - Server connection Unsuccessful: Try Again
12-Jul-19 18:03:52 - Server connection Successful
12-Jul-19 18:08:35 - Server connection Successful
12-Jul-19 18:08:46 - Recipient:chhabrasaksham25@gmail.com: Status:Success
12-Jul-19 18:08:55 - Recipient:chhabrasaksham25@gmail.com: Status:Success
12-Jul-19 18:20:54 - Server connection Successful
12-Jul-19 18:21:04 - Recipient:chhabrasaksham25@gmail.com: Status:Success
12-Jul-19 18:21:14 - Recipient:chhabrasaksham25@gmail.com: Status:Success
12-Jul-19 18:24:54 - Server connection Successful
12-Jul-19 18:25:05 - Recipient:chhabrasaksham25@gmail.com: Status:Success
12-Jul-19 18:25:15 - Recipient:chhabrasaksham25@gmail.com: Status:Success
12-Jul-19 18:31:24 - Server connection Successful
12-Jul-19 18:31:35 - Recipient:chhabrasaksham25@gmail.com: Status:Success
12-Jul-19 18:31:45 - Recipient:chhabrasaksham25@gmail.com: Status:Success
12-Jul-19 18:32:04 - Recipient:None: Status:Success
12-Jul-19 18:36:19 - Server connection Successful
12-Jul-19 18:36:29 - Recipient:chhabrasaksham25@gmail.com: Status:Success
12-Jul-19 18:36:38 - Recipient:chhabrasaksham25@gmail.com: Status:Success
12-Jul-19 18:36:56 - Recipient:chhabrasaksham25@gmail.com: Status:Success
12-Jul-19 20:26:40 - Server connection Successful
12-Jul-19 20:26:51 - Recipient:chhabrasaksham25@gmail.com: Status:Success
12-Jul-19 20:27:03 - Recipient:chhabrasaksham25@gmail.com: Status:Success
12-Jul-19 20:27:21 - Recipient:chhabrasaksham25@gmail.com: Status:Success
12-Jul-19 20:36:08 - Server connection Unsuccessful: Try Again
12-Jul-19 20:55:46 - Server connection Successful
12-Jul-19 20:55:59 - Recipient:chhabrasaksham25@gmail.com: Status:Success
12-Jul-19 20:56:09 - Recipient:chhabrasaksham25@gmail.com: Status:Success
12-Jul-19 20:56:27 - Recipient:chhabrasaksham25@gmail.com: Status:Success
12-Jul-19 21:09:35 - Server connection Successful
12-Jul-19 21:09:46 - Recipient:chhabrasaksham25@gmail.com: Status:Success
12-Jul-19 21:09:57 - Recipient:chhabrasaksham25@gmail.com: Status:Success
12-Jul-19 21:10:17 - Recipient:chhabrasaksham25@gmail.com: Status:Success
12-Jul-19 21:32:04 - Server connection Successful
12-Jul-19 21:32:04 - Server connection Unsuccessful: Try Again
12-Jul-19 21:35:23 - Server connection Successful
12-Jul-19 21:35:34 - Recipient:chhabrasaksham25@gmail.com: Status:Success
12-Jul-19 21:35:46 - Recipient:chhabrasaksham25@gmail.com: Status:Success
12-Jul-19 21:36:04 - Recipient:chhabrasaksham25@gmail.com: Status:Success
12-Jul-19 22:14:48 - Server connection Successful
12-Jul-19 22:15:00 - Recipient:chhabrasaksham25@gmail.com: Status:Success
12-Jul-19 22:15:11 - Recipient:chhabrasaksham25@gmail.com: Status:Success
12-Jul-19 22:15:29 - Recipient:chhabrasaksham25@gmail.com: Status:Success
12-Jul-19 23:07:46 - Server connection Successful
12-Jul-19 23:07:46 - Server connection Unsuccessful: Try Again
12-Jul-19 23:08:14 - Server connection Successful
12-Jul-19 23:08:14 - Server connection Unsuccessful: Try Again
12-Jul-19 23:08:48 - Server connection Successful
12-Jul-19 23:08:48 - Server connection Unsuccessful: Try Again
12-Jul-19 23:10:30 - Server connection Successful
12-Jul-19 23:10:30 - Server connection Unsuccessful: Try Again
12-Jul-19 23:14:17 - Server connection Successful
12-Jul-19 23:14:17 - Server connection Unsuccessful: Try Again
12-Jul-19 23:16:22 - Server connection Successful
12-Jul-19 23:16:22 - Server connection Unsuccessful: Try Again
12-Jul-19 23:19:03 - Server connection Successful
12-Jul-19 23:19:03 - Server connection Unsuccessful: Try Again
12-Jul-19 23:24:27 - Server connection Successful
12-Jul-19 23:24:27 - Server connection Unsuccessful: Try Again
12-Jul-19 23:29:09 - Server connection Successful
12-Jul-19 23:29:09 - Server connection Unsuccessful: Try Again
12-Jul-19 23:30:06 - Server connection Successful
12-Jul-19 23:33:46 - Server connection Successful
12-Jul-19 23:34:05 - Recipient:chhabrasaksham25@gmail.com: Status:Success
12-Jul-19 23:34:23 - Recipient:chhabrasaksham25@gmail.com: Status:Success
12-Jul-19 23:34:41 - Recipient:chhabrasaksham25@gmail.com: Status:Success
12-Jul-19 23:38:25 - Server connection Successful
12-Jul-19 23:38:44 - Recipient:chhabrasaksham25@gmail.com: Status:Success
12-Jul-19 23:39:01 - Recipient:chhabrasaksham25@gmail.com: Status:Success
12-Jul-19 23:39:19 - Recipient:chhabrasaksham25@gmail.com: Status:Success
12-Jul-19 23:39:22 - Recipient:amitchhabra3@yahoo.co.in: Status:Success
12-Jul-19 23:39:25 - Recipient:rinkujain3019@gmail.com: Status:Success
16-Jul-19 13:00:43 - Server connection Successful
16-Jul-19 13:01:22 - Recipient:chhabrasaksham25@gmail.com: Status:Success
16-Jul-19 13:01:57 - Recipient:chhabrasaksham25@gmail.com: Status:Success
16-Jul-19 13:02:31 - Recipient:chhabrasaksham25@gmail.com: Status:Success
16-Jul-19 13:02:33 - Recipient:chhabrasaksham27@yahoo.com: Status:Success
16-Jul-19 13:02:35 - Recipient:f20170539@pilani.bits-pilani.ac.in: Status:Success
16-Jul-19 13:11:35 - Server connection Successful
16-Jul-19 13:12:13 - Recipient:chhabrasaksham25@gmail.com: Status:Success
16-Jul-19 13:12:47 - Recipient:chhabrasaksham25@gmail.com: Status:Success
16-Jul-19 13:13:21 - Recipient:chhabrasaksham25@gmail.com: Status:Success
16-Jul-19 13:13:23 - Recipient:chhabrasaksham27@yahoo.com: Status:Success
16-Jul-19 13:13:26 - Recipient:f20170539@pilani.bits-pilani.ac.in: Status:Success
